<?xml version="1.0" encoding="UTF-8"?>
<!-- Generated by org.testng.reporters.JUnitReportReporter -->
<testsuite skipped="0" hostname="LAPTOP-DD8S79MB" name="com.tests.DashboardPageTest" tests="2" failures="0" timestamp="24 Oct 2021 05:38:08 GMT" time="0.270" errors="0">
  <testcase name="verifyCourses" time="0.075" classname="com.tests.DashboardPageTest"/>
  <testcase name="usersLinkClick" time="0.195" classname="com.tests.DashboardPageTest"/>
</testsuite> <!-- com.tests.DashboardPageTest -->
