<?xml version="1.0" encoding="UTF-8"?>
<!-- Generated by org.testng.reporters.JUnitReportReporter -->
<testsuite skipped="0" hostname="LAPTOP-DD8S79MB" name="com.tests.LoginPageTest" tests="3" failures="0" timestamp="24 Oct 2021 05:38:08 GMT" time="1.564" errors="0">
  <testcase name="verifyTitle" time="0.026" classname="com.tests.LoginPageTest"/>
  <testcase name="invalidLoginTest" time="0.645" classname="com.tests.LoginPageTest"/>
  <testcase name="validLoginTest" time="0.893" classname="com.tests.LoginPageTest"/>
</testsuite> <!-- com.tests.LoginPageTest -->
