<?xml version="1.0" encoding="UTF-8"?>
<!-- Generated by org.testng.reporters.JUnitReportReporter -->
<testsuite skipped="0" hostname="LAPTOP-DD8S79MB" name="com.utility.ExcelUtility" tests="1" failures="0" timestamp="23 Oct 2021 15:04:07 GMT" time="0.379" errors="0">
  <testcase name="test" time="0.379" classname="com.utility.ExcelUtility"/>
</testsuite> <!-- com.utility.ExcelUtility -->
