<?xml version="1.0" encoding="UTF-8"?>
<!-- Generated by org.testng.reporters.JUnitReportReporter -->
<testsuite skipped="0" hostname="LAPTOP-DD8S79MB" name="com.tests.UsersPageTest" tests="1" failures="0" timestamp="24 Oct 2021 05:38:08 GMT" time="0.027" errors="0">
  <testcase name="verifyTableRows" time="0.027" classname="com.tests.UsersPageTest"/>
</testsuite> <!-- com.tests.UsersPageTest -->
